<?xml version="1.0" encoding="UTF-8"?>
<!-- Generated by org.testng.reporters.JUnitXMLReporter -->
<testsuite ignored="0" hostname="DESKTOP-LNUE6FA" failures="1" tests="1" name="Test_Automation" time="0.072" errors="0" timestamp="27 Dec 2022 05:11:07 GMT">
  <testcase classname="com.selenium_automation.AppTest" name="test1" time="0.028">
    <failure type="java.lang.AssertionError" message="a+b!=b+a expected [false] but found [true]">
      <![CDATA[java.lang.AssertionError: a+b!=b+a expected [false] but found [true]
	at com.selenium_automation.AppTest.test1(AppTest.java:14)
... Removed 28 stack frames]]>
    </failure>
  </testcase> <!-- test1 -->
</testsuite> <!-- Test_Automation -->
